<?xml version="1.0" encoding="UTF-8"?>
<!-- Generated by org.testng.reporters.JUnitXMLReporter -->
<testsuite ignored="0" hostname="DESKTOP-S0J7E8Q" failures="0" tests="5" name="Default test" time="82.46" errors="0" timestamp="2024-08-30T18:58:36 IST">
  <testcase classname="Test.Test" name="Homepage" time="0.811"/>
  <testcase classname="Test.Test" name="KidToys" time="7.784"/>
  <testcase classname="Test.Test" name="OutDoorPlay" time="8.805"/>
  <testcase classname="Test.Test" name="GamesPuzzles" time="16.955"/>
  <testcase classname="Test.Test" name="BabyCare" time="35.35"/>
</testsuite> <!-- Default test -->
