<?xml version="1.0" encoding="UTF-8"?>
<testng-results ignored="0" total="5" passed="5" failed="0" skipped="0">
  <reporter-output>
  </reporter-output>
  <suite started-at="2024-08-30T18:57:14 IST" name="Default suite" finished-at="2024-08-30T18:58:36 IST" duration-ms="82460">
    <groups>
    </groups>
    <test started-at="2024-08-30T18:57:14 IST" name="Default test" finished-at="2024-08-30T18:58:36 IST" duration-ms="82460">
      <class name="Test.Test">
        <test-method is-config="true" signature="setup()[pri:0, instance:Test.Test@663c9e7a]" started-at="2024-08-30T18:57:14 IST" name="setup" finished-at="2024-08-30T18:57:27 IST" duration-ms="12649" status="PASS">
          <reporter-output>
          </reporter-output>
        </test-method> <!-- setup -->
        <test-method signature="Homepage()[pri:0, instance:Test.Test@663c9e7a]" started-at="2024-08-30T18:57:27 IST" name="Homepage" finished-at="2024-08-30T18:57:27 IST" duration-ms="811" status="PASS">
          <reporter-output>
          </reporter-output>
        </test-method> <!-- Homepage -->
        <test-method signature="KidToys()[pri:1, instance:Test.Test@663c9e7a]" started-at="2024-08-30T18:57:27 IST" name="KidToys" finished-at="2024-08-30T18:57:35 IST" duration-ms="7784" status="PASS">
          <reporter-output>
          </reporter-output>
        </test-method> <!-- KidToys -->
        <test-method signature="OutDoorPlay()[pri:2, instance:Test.Test@663c9e7a]" started-at="2024-08-30T18:57:35 IST" name="OutDoorPlay" finished-at="2024-08-30T18:57:44 IST" duration-ms="8805" status="PASS">
          <reporter-output>
          </reporter-output>
        </test-method> <!-- OutDoorPlay -->
        <test-method signature="GamesPuzzles()[pri:3, instance:Test.Test@663c9e7a]" started-at="2024-08-30T18:57:44 IST" name="GamesPuzzles" finished-at="2024-08-30T18:58:01 IST" duration-ms="16955" status="PASS">
          <reporter-output>
          </reporter-output>
        </test-method> <!-- GamesPuzzles -->
        <test-method signature="BabyCare()[pri:4, instance:Test.Test@663c9e7a]" started-at="2024-08-30T18:58:01 IST" name="BabyCare" finished-at="2024-08-30T18:58:36 IST" duration-ms="35350" status="PASS">
          <reporter-output>
          </reporter-output>
        </test-method> <!-- BabyCare -->
        <test-method is-config="true" signature="teardown()[pri:0, instance:Test.Test@663c9e7a]" started-at="2024-08-30T18:58:36 IST" name="teardown" finished-at="2024-08-30T18:58:36 IST" duration-ms="1" status="PASS">
          <reporter-output>
          </reporter-output>
        </test-method> <!-- teardown -->
      </class> <!-- Test.Test -->
    </test> <!-- Default test -->
  </suite> <!-- Default suite -->
</testng-results>
